Arguments: 
  C:\Program Files\nodejs\node.exe C:\Program Files (x86)\Yarn\bin\yarn.js init -Y

PATH: 
  C:\Python27\;C:\Python27\Scripts;C:\Python39\Scripts\;C:\Python39\;C:\Program Files (x86)\Common Files\Oracle\Java\javapath;C:\Windows\system32;C:\Windows;C:\Windows\System32\Wbem;C:\Windows\System32\WindowsPowerShell\v1.0\;C:\Windows\System32\OpenSSH\;C:\Program Files\NVIDIA Corporation\NVIDIA NvDLISR;C:\ProgramData\chocolatey\bin;C:\Program Files\Git\cmd;C:\Program Files (x86)\NVIDIA Corporation\PhysX\Common;C:\Program Files (x86)\Yarn\bin\;C:\Program Files\Docker\Docker\resources\bin;C:\ProgramData\DockerDesktop\version-bin;C:\Program Files\nodejs\;C:\Program Files\OpenJDK\openjdk-11.0.10_9\bin;C:\Users\milti\AppData\Local\Android\Sdk\emulator;C:\Users\milti\AppData\Local\Android\Sdk\tools;C:\Users\milti\AppData\Local\Android\Sdk\tools\bin;C:\Users\milti\AppData\Local\Android\Sdk\platform-tools;C:\Users\milti\AppData\Local\Yarn\bin;C:\Users\milti\AppData\Local\Microsoft\WindowsApps;C:\Users\milti\AppData\Local\GitHubDesktop\bin;C:\Users\milti\AppData\Local\Programs\Microsoft VS Code\bin;C:\Users\milti\AppData\Local\Yarn\bin;C:\Users\milti\AppData\Roaming\npm;C:\Users\milti\AppData\Local\Android\Sdk\platform-tools;C:\Users\milti\AppData\Local\Android\Sdk\emulator;C:\Users\milti\AppData\Local\Android\Sdk\tools;C:\Users\milti\AppData\Local\Android\Sdk\tools\bin;

Yarn version: 
  1.22.5

Node version: 
  14.16.0

Platform: 
  win32 x64

Trace: 
  Error: canceled
      at Interface.<anonymous> (C:\Program Files (x86)\Yarn\lib\cli.js:137009:13)
      at Interface.emit (events.js:315:20)
      at Interface._ttyWrite (readline.js:875:16)
      at ReadStream.onkeypress (readline.js:213:10)
      at ReadStream.emit (events.js:315:20)
      at emitKeys (internal/readline/utils.js:345:14)
      at emitKeys.next (<anonymous>)
      at ReadStream.onData (readline.js:1144:36)
      at ReadStream.emit (events.js:315:20)
      at addChunk (internal/streams/readable.js:309:12)

npm manifest: 
  No manifest

yarn manifest: 
  No manifest

Lockfile: 
  No lockfile
